{"/Users/sachinshah/Desktop/Project 3/backend/src/app.js": {"path":"/Users/sachinshah/Desktop/Project 3/backend/src/app.js","statementMap":{"0":{"start":{"line":1,"column":20},"end":{"line":1,"column":52}},"1":{"start":{"line":2,"column":20},"end":{"line":2,"column":52}},"2":{"start":{"line":3,"column":16},"end":{"line":3,"column":34}},"3":{"start":{"line":4,"column":13},"end":{"line":4,"column":28}},"4":{"start":{"line":6,"column":19},"end":{"line":6,"column":50}},"5":{"start":{"line":7,"column":24},"end":{"line":7,"column":60}},"6":{"start":{"line":9,"column":12},"end":{"line":9,"column":21}},"7":{"start":{"line":11,"column":0},"end":{"line":11,"column":16}},"8":{"start":{"line":12,"column":0},"end":{"line":12,"column":24}},"9":{"start":{"line":14,"column":0},"end":{"line":14,"column":33}},"10":{"start":{"line":15,"column":0},"end":{"line":15,"column":33}},"11":{"start":{"line":16,"column":0},"end":{"line":16,"column":36}},"12":{"start":{"line":17,"column":0},"end":{"line":17,"column":36}},"13":{"start":{"line":19,"column":0},"end":{"line":21,"column":3}},"14":{"start":{"line":20,"column":2},"end":{"line":20,"column":37}},"15":{"start":{"line":23,"column":0},"end":{"line":25,"column":3}},"16":{"start":{"line":24,"column":2},"end":{"line":24,"column":46}},"17":{"start":{"line":27,"column":0},"end":{"line":27,"column":21}}},"fnMap":{"0":{"name":"(anonymous_0)","decl":{"start":{"line":19,"column":13},"end":{"line":19,"column":14}},"loc":{"start":{"line":19,"column":27},"end":{"line":21,"column":1}},"line":19},"1":{"name":"(anonymous_1)","decl":{"start":{"line":23,"column":18},"end":{"line":23,"column":19}},"loc":{"start":{"line":23,"column":32},"end":{"line":25,"column":1}},"line":23}},"branchMap":{},"s":{"0":3,"1":3,"2":3,"3":3,"4":3,"5":3,"6":3,"7":3,"8":3,"9":3,"10":3,"11":3,"12":3,"13":3,"14":0,"15":3,"16":0,"17":3},"f":{"0":0,"1":0},"b":{},"_coverageSchema":"1a1c01bbd47fc00a2c39e90264f33305004495a9","hash":"4132a94694f8e5e61f76244f3ecf7ded18dbee70"}
,"/Users/sachinshah/Desktop/Project 3/backend/src/controllers/auth.controller.js": {"path":"/Users/sachinshah/Desktop/Project 3/backend/src/controllers/auth.controller.js","statementMap":{"0":{"start":{"line":1,"column":13},"end":{"line":1,"column":38}},"1":{"start":{"line":2,"column":15},"end":{"line":2,"column":34}},"2":{"start":{"line":3,"column":12},"end":{"line":3,"column":35}},"3":{"start":{"line":6,"column":21},"end":{"line":41,"column":1}},"4":{"start":{"line":7,"column":2},"end":{"line":40,"column":3}},"5":{"start":{"line":8,"column":44},"end":{"line":8,"column":52}},"6":{"start":{"line":11,"column":4},"end":{"line":13,"column":5}},"7":{"start":{"line":12,"column":6},"end":{"line":12,"column":74}},"8":{"start":{"line":15,"column":25},"end":{"line":15,"column":54}},"9":{"start":{"line":16,"column":4},"end":{"line":18,"column":5}},"10":{"start":{"line":17,"column":6},"end":{"line":17,"column":70}},"11":{"start":{"line":20,"column":27},"end":{"line":20,"column":58}},"12":{"start":{"line":22,"column":17},"end":{"line":27,"column":6}},"13":{"start":{"line":29,"column":4},"end":{"line":37,"column":7}},"14":{"start":{"line":39,"column":4},"end":{"line":39,"column":54}},"15":{"start":{"line":44,"column":18},"end":{"line":81,"column":1}},"16":{"start":{"line":45,"column":2},"end":{"line":80,"column":3}},"17":{"start":{"line":46,"column":32},"end":{"line":46,"column":40}},"18":{"start":{"line":48,"column":4},"end":{"line":50,"column":5}},"19":{"start":{"line":49,"column":6},"end":{"line":49,"column":78}},"20":{"start":{"line":52,"column":17},"end":{"line":52,"column":46}},"21":{"start":{"line":53,"column":4},"end":{"line":55,"column":5}},"22":{"start":{"line":54,"column":6},"end":{"line":54,"column":70}},"23":{"start":{"line":57,"column":20},"end":{"line":57,"column":65}},"24":{"start":{"line":58,"column":4},"end":{"line":60,"column":5}},"25":{"start":{"line":59,"column":6},"end":{"line":59,"column":70}},"26":{"start":{"line":62,"column":18},"end":{"line":66,"column":5}},"27":{"start":{"line":68,"column":4},"end":{"line":77,"column":7}},"28":{"start":{"line":79,"column":4},"end":{"line":79,"column":54}},"29":{"start":{"line":83,"column":0},"end":{"line":83,"column":45}}},"fnMap":{"0":{"name":"(anonymous_0)","decl":{"start":{"line":6,"column":21},"end":{"line":6,"column":22}},"loc":{"start":{"line":6,"column":41},"end":{"line":41,"column":1}},"line":6},"1":{"name":"(anonymous_1)","decl":{"start":{"line":44,"column":18},"end":{"line":44,"column":19}},"loc":{"start":{"line":44,"column":38},"end":{"line":81,"column":1}},"line":44}},"branchMap":{"0":{"loc":{"start":{"line":11,"column":4},"end":{"line":13,"column":5}},"type":"if","locations":[{"start":{"line":11,"column":4},"end":{"line":13,"column":5}},{"start":{},"end":{}}],"line":11},"1":{"loc":{"start":{"line":11,"column":8},"end":{"line":11,"column":36}},"type":"binary-expr","locations":[{"start":{"line":11,"column":8},"end":{"line":11,"column":13}},{"start":{"line":11,"column":17},"end":{"line":11,"column":23}},{"start":{"line":11,"column":27},"end":{"line":11,"column":36}}],"line":11},"2":{"loc":{"start":{"line":16,"column":4},"end":{"line":18,"column":5}},"type":"if","locations":[{"start":{"line":16,"column":4},"end":{"line":18,"column":5}},{"start":{},"end":{}}],"line":16},"3":{"loc":{"start":{"line":26,"column":12},"end":{"line":26,"column":26}},"type":"binary-expr","locations":[{"start":{"line":26,"column":12},"end":{"line":26,"column":16}},{"start":{"line":26,"column":20},"end":{"line":26,"column":26}}],"line":26},"4":{"loc":{"start":{"line":48,"column":4},"end":{"line":50,"column":5}},"type":"if","locations":[{"start":{"line":48,"column":4},"end":{"line":50,"column":5}},{"start":{},"end":{}}],"line":48},"5":{"loc":{"start":{"line":48,"column":8},"end":{"line":48,"column":27}},"type":"binary-expr","locations":[{"start":{"line":48,"column":8},"end":{"line":48,"column":14}},{"start":{"line":48,"column":18},"end":{"line":48,"column":27}}],"line":48},"6":{"loc":{"start":{"line":53,"column":4},"end":{"line":55,"column":5}},"type":"if","locations":[{"start":{"line":53,"column":4},"end":{"line":55,"column":5}},{"start":{},"end":{}}],"line":53},"7":{"loc":{"start":{"line":58,"column":4},"end":{"line":60,"column":5}},"type":"if","locations":[{"start":{"line":58,"column":4},"end":{"line":60,"column":5}},{"start":{},"end":{}}],"line":58}},"s":{"0":3,"1":3,"2":3,"3":3,"4":1,"5":1,"6":1,"7":0,"8":1,"9":1,"10":0,"11":1,"12":1,"13":1,"14":0,"15":3,"16":0,"17":0,"18":0,"19":0,"20":0,"21":0,"22":0,"23":0,"24":0,"25":0,"26":0,"27":0,"28":0,"29":3},"f":{"0":1,"1":0},"b":{"0":[0,1],"1":[1,1,1],"2":[0,1],"3":[1,1],"4":[0,0],"5":[0,0],"6":[0,0],"7":[0,0]},"_coverageSchema":"1a1c01bbd47fc00a2c39e90264f33305004495a9","hash":"6064a285654436ea7dc5702ea7879cb0a6ab0f8e"}
,"/Users/sachinshah/Desktop/Project 3/backend/src/controllers/order.controller.js": {"path":"/Users/sachinshah/Desktop/Project 3/backend/src/controllers/order.controller.js","statementMap":{"0":{"start":{"line":1,"column":14},"end":{"line":1,"column":40}},"1":{"start":{"line":4,"column":20},"end":{"line":14,"column":1}},"2":{"start":{"line":5,"column":2},"end":{"line":13,"column":3}},"3":{"start":{"line":6,"column":19},"end":{"line":8,"column":30}},"4":{"start":{"line":10,"column":4},"end":{"line":10,"column":21}},"5":{"start":{"line":12,"column":4},"end":{"line":12,"column":54}},"6":{"start":{"line":17,"column":21},"end":{"line":28,"column":1}},"7":{"start":{"line":18,"column":2},"end":{"line":27,"column":3}},"8":{"start":{"line":19,"column":19},"end":{"line":22,"column":30}},"9":{"start":{"line":24,"column":4},"end":{"line":24,"column":21}},"10":{"start":{"line":26,"column":4},"end":{"line":26,"column":54}},"11":{"start":{"line":30,"column":0},"end":{"line":30,"column":47}}},"fnMap":{"0":{"name":"(anonymous_0)","decl":{"start":{"line":4,"column":20},"end":{"line":4,"column":21}},"loc":{"start":{"line":4,"column":40},"end":{"line":14,"column":1}},"line":4},"1":{"name":"(anonymous_1)","decl":{"start":{"line":17,"column":21},"end":{"line":17,"column":22}},"loc":{"start":{"line":17,"column":41},"end":{"line":28,"column":1}},"line":17}},"branchMap":{},"s":{"0":3,"1":3,"2":0,"3":0,"4":0,"5":0,"6":3,"7":1,"8":1,"9":1,"10":0,"11":3},"f":{"0":0,"1":1},"b":{},"_coverageSchema":"1a1c01bbd47fc00a2c39e90264f33305004495a9","hash":"5cae6ce9110eb671e94a06769b6409d67c62a157"}
,"/Users/sachinshah/Desktop/Project 3/backend/src/controllers/sweet.controller.js": {"path":"/Users/sachinshah/Desktop/Project 3/backend/src/controllers/sweet.controller.js","statementMap":{"0":{"start":{"line":1,"column":14},"end":{"line":1,"column":40}},"1":{"start":{"line":2,"column":14},"end":{"line":2,"column":40}},"2":{"start":{"line":5,"column":17},"end":{"line":28,"column":1}},"3":{"start":{"line":6,"column":2},"end":{"line":27,"column":3}},"4":{"start":{"line":7,"column":61},"end":{"line":7,"column":69}},"5":{"start":{"line":9,"column":4},"end":{"line":11,"column":5}},"6":{"start":{"line":10,"column":6},"end":{"line":10,"column":74}},"7":{"start":{"line":13,"column":18},"end":{"line":19,"column":6}},"8":{"start":{"line":21,"column":4},"end":{"line":24,"column":7}},"9":{"start":{"line":26,"column":4},"end":{"line":26,"column":54}},"10":{"start":{"line":31,"column":21},"end":{"line":38,"column":1}},"11":{"start":{"line":32,"column":2},"end":{"line":37,"column":3}},"12":{"start":{"line":33,"column":19},"end":{"line":33,"column":37}},"13":{"start":{"line":34,"column":4},"end":{"line":34,"column":21}},"14":{"start":{"line":36,"column":4},"end":{"line":36,"column":54}},"15":{"start":{"line":41,"column":21},"end":{"line":66,"column":1}},"16":{"start":{"line":42,"column":2},"end":{"line":65,"column":3}},"17":{"start":{"line":43,"column":51},"end":{"line":43,"column":60}},"18":{"start":{"line":45,"column":18},"end":{"line":45,"column":20}},"19":{"start":{"line":47,"column":4},"end":{"line":49,"column":5}},"20":{"start":{"line":48,"column":6},"end":{"line":48,"column":51}},"21":{"start":{"line":51,"column":4},"end":{"line":53,"column":5}},"22":{"start":{"line":52,"column":6},"end":{"line":52,"column":59}},"23":{"start":{"line":55,"column":4},"end":{"line":59,"column":5}},"24":{"start":{"line":56,"column":6},"end":{"line":56,"column":23}},"25":{"start":{"line":57,"column":6},"end":{"line":57,"column":56}},"26":{"start":{"line":57,"column":20},"end":{"line":57,"column":56}},"27":{"start":{"line":58,"column":6},"end":{"line":58,"column":56}},"28":{"start":{"line":58,"column":20},"end":{"line":58,"column":56}},"29":{"start":{"line":61,"column":19},"end":{"line":61,"column":42}},"30":{"start":{"line":62,"column":4},"end":{"line":62,"column":21}},"31":{"start":{"line":64,"column":4},"end":{"line":64,"column":54}},"32":{"start":{"line":69,"column":20},"end":{"line":88,"column":1}},"33":{"start":{"line":70,"column":2},"end":{"line":87,"column":3}},"34":{"start":{"line":71,"column":18},"end":{"line":75,"column":5}},"35":{"start":{"line":77,"column":4},"end":{"line":79,"column":5}},"36":{"start":{"line":78,"column":6},"end":{"line":78,"column":66}},"37":{"start":{"line":81,"column":4},"end":{"line":84,"column":7}},"38":{"start":{"line":86,"column":4},"end":{"line":86,"column":54}},"39":{"start":{"line":92,"column":22},"end":{"line":127,"column":1}},"40":{"start":{"line":93,"column":2},"end":{"line":126,"column":3}},"41":{"start":{"line":94,"column":25},"end":{"line":94,"column":33}},"42":{"start":{"line":96,"column":4},"end":{"line":98,"column":5}},"43":{"start":{"line":97,"column":6},"end":{"line":97,"column":67}},"44":{"start":{"line":100,"column":18},"end":{"line":100,"column":53}},"45":{"start":{"line":102,"column":4},"end":{"line":104,"column":5}},"46":{"start":{"line":103,"column":6},"end":{"line":103,"column":66}},"47":{"start":{"line":106,"column":4},"end":{"line":108,"column":5}},"48":{"start":{"line":107,"column":6},"end":{"line":107,"column":77}},"49":{"start":{"line":110,"column":4},"end":{"line":110,"column":31}},"50":{"start":{"line":111,"column":4},"end":{"line":111,"column":23}},"51":{"start":{"line":113,"column":18},"end":{"line":118,"column":6}},"52":{"start":{"line":120,"column":4},"end":{"line":123,"column":7}},"53":{"start":{"line":125,"column":4},"end":{"line":125,"column":54}},"54":{"start":{"line":131,"column":20},"end":{"line":143,"column":1}},"55":{"start":{"line":132,"column":2},"end":{"line":142,"column":3}},"56":{"start":{"line":133,"column":18},"end":{"line":133,"column":62}},"57":{"start":{"line":135,"column":4},"end":{"line":137,"column":5}},"58":{"start":{"line":136,"column":6},"end":{"line":136,"column":66}},"59":{"start":{"line":139,"column":4},"end":{"line":139,"column":56}},"60":{"start":{"line":141,"column":4},"end":{"line":141,"column":54}},"61":{"start":{"line":146,"column":21},"end":{"line":170,"column":1}},"62":{"start":{"line":147,"column":2},"end":{"line":169,"column":3}},"63":{"start":{"line":148,"column":25},"end":{"line":148,"column":33}},"64":{"start":{"line":150,"column":4},"end":{"line":152,"column":5}},"65":{"start":{"line":151,"column":6},"end":{"line":151,"column":67}},"66":{"start":{"line":154,"column":18},"end":{"line":154,"column":53}},"67":{"start":{"line":156,"column":4},"end":{"line":158,"column":5}},"68":{"start":{"line":157,"column":6},"end":{"line":157,"column":66}},"69":{"start":{"line":160,"column":4},"end":{"line":160,"column":31}},"70":{"start":{"line":161,"column":4},"end":{"line":161,"column":23}},"71":{"start":{"line":163,"column":4},"end":{"line":166,"column":7}},"72":{"start":{"line":168,"column":4},"end":{"line":168,"column":54}},"73":{"start":{"line":176,"column":0},"end":{"line":184,"column":2}}},"fnMap":{"0":{"name":"(anonymous_0)","decl":{"start":{"line":5,"column":17},"end":{"line":5,"column":18}},"loc":{"start":{"line":5,"column":37},"end":{"line":28,"column":1}},"line":5},"1":{"name":"(anonymous_1)","decl":{"start":{"line":31,"column":21},"end":{"line":31,"column":22}},"loc":{"start":{"line":31,"column":41},"end":{"line":38,"column":1}},"line":31},"2":{"name":"(anonymous_2)","decl":{"start":{"line":41,"column":21},"end":{"line":41,"column":22}},"loc":{"start":{"line":41,"column":41},"end":{"line":66,"column":1}},"line":41},"3":{"name":"(anonymous_3)","decl":{"start":{"line":69,"column":20},"end":{"line":69,"column":21}},"loc":{"start":{"line":69,"column":40},"end":{"line":88,"column":1}},"line":69},"4":{"name":"(anonymous_4)","decl":{"start":{"line":92,"column":22},"end":{"line":92,"column":23}},"loc":{"start":{"line":92,"column":42},"end":{"line":127,"column":1}},"line":92},"5":{"name":"(anonymous_5)","decl":{"start":{"line":131,"column":20},"end":{"line":131,"column":21}},"loc":{"start":{"line":131,"column":40},"end":{"line":143,"column":1}},"line":131},"6":{"name":"(anonymous_6)","decl":{"start":{"line":146,"column":21},"end":{"line":146,"column":22}},"loc":{"start":{"line":146,"column":41},"end":{"line":170,"column":1}},"line":146}},"branchMap":{"0":{"loc":{"start":{"line":9,"column":4},"end":{"line":11,"column":5}},"type":"if","locations":[{"start":{"line":9,"column":4},"end":{"line":11,"column":5}},{"start":{},"end":{}}],"line":9},"1":{"loc":{"start":{"line":9,"column":8},"end":{"line":9,"column":62}},"type":"binary-expr","locations":[{"start":{"line":9,"column":8},"end":{"line":9,"column":13}},{"start":{"line":9,"column":17},"end":{"line":9,"column":26}},{"start":{"line":9,"column":30},"end":{"line":9,"column":36}},{"start":{"line":9,"column":40},"end":{"line":9,"column":62}}],"line":9},"2":{"loc":{"start":{"line":47,"column":4},"end":{"line":49,"column":5}},"type":"if","locations":[{"start":{"line":47,"column":4},"end":{"line":49,"column":5}},{"start":{},"end":{}}],"line":47},"3":{"loc":{"start":{"line":51,"column":4},"end":{"line":53,"column":5}},"type":"if","locations":[{"start":{"line":51,"column":4},"end":{"line":53,"column":5}},{"start":{},"end":{}}],"line":51},"4":{"loc":{"start":{"line":55,"column":4},"end":{"line":59,"column":5}},"type":"if","locations":[{"start":{"line":55,"column":4},"end":{"line":59,"column":5}},{"start":{},"end":{}}],"line":55},"5":{"loc":{"start":{"line":55,"column":8},"end":{"line":55,"column":28}},"type":"binary-expr","locations":[{"start":{"line":55,"column":8},"end":{"line":55,"column":16}},{"start":{"line":55,"column":20},"end":{"line":55,"column":28}}],"line":55},"6":{"loc":{"start":{"line":57,"column":6},"end":{"line":57,"column":56}},"type":"if","locations":[{"start":{"line":57,"column":6},"end":{"line":57,"column":56}},{"start":{},"end":{}}],"line":57},"7":{"loc":{"start":{"line":58,"column":6},"end":{"line":58,"column":56}},"type":"if","locations":[{"start":{"line":58,"column":6},"end":{"line":58,"column":56}},{"start":{},"end":{}}],"line":58},"8":{"loc":{"start":{"line":77,"column":4},"end":{"line":79,"column":5}},"type":"if","locations":[{"start":{"line":77,"column":4},"end":{"line":79,"column":5}},{"start":{},"end":{}}],"line":77},"9":{"loc":{"start":{"line":96,"column":4},"end":{"line":98,"column":5}},"type":"if","locations":[{"start":{"line":96,"column":4},"end":{"line":98,"column":5}},{"start":{},"end":{}}],"line":96},"10":{"loc":{"start":{"line":96,"column":8},"end":{"line":96,"column":34}},"type":"binary-expr","locations":[{"start":{"line":96,"column":8},"end":{"line":96,"column":17}},{"start":{"line":96,"column":21},"end":{"line":96,"column":34}}],"line":96},"11":{"loc":{"start":{"line":102,"column":4},"end":{"line":104,"column":5}},"type":"if","locations":[{"start":{"line":102,"column":4},"end":{"line":104,"column":5}},{"start":{},"end":{}}],"line":102},"12":{"loc":{"start":{"line":106,"column":4},"end":{"line":108,"column":5}},"type":"if","locations":[{"start":{"line":106,"column":4},"end":{"line":108,"column":5}},{"start":{},"end":{}}],"line":106},"13":{"loc":{"start":{"line":135,"column":4},"end":{"line":137,"column":5}},"type":"if","locations":[{"start":{"line":135,"column":4},"end":{"line":137,"column":5}},{"start":{},"end":{}}],"line":135},"14":{"loc":{"start":{"line":150,"column":4},"end":{"line":152,"column":5}},"type":"if","locations":[{"start":{"line":150,"column":4},"end":{"line":152,"column":5}},{"start":{},"end":{}}],"line":150},"15":{"loc":{"start":{"line":150,"column":8},"end":{"line":150,"column":34}},"type":"binary-expr","locations":[{"start":{"line":150,"column":8},"end":{"line":150,"column":17}},{"start":{"line":150,"column":21},"end":{"line":150,"column":34}}],"line":150},"16":{"loc":{"start":{"line":156,"column":4},"end":{"line":158,"column":5}},"type":"if","locations":[{"start":{"line":156,"column":4},"end":{"line":158,"column":5}},{"start":{},"end":{}}],"line":156}},"s":{"0":3,"1":3,"2":3,"3":1,"4":1,"5":1,"6":0,"7":1,"8":1,"9":0,"10":3,"11":2,"12":2,"13":2,"14":0,"15":3,"16":0,"17":0,"18":0,"19":0,"20":0,"21":0,"22":0,"23":0,"24":0,"25":0,"26":0,"27":0,"28":0,"29":0,"30":0,"31":0,"32":3,"33":0,"34":0,"35":0,"36":0,"37":0,"38":0,"39":3,"40":4,"41":4,"42":4,"43":1,"44":3,"45":3,"46":0,"47":3,"48":1,"49":2,"50":2,"51":2,"52":2,"53":0,"54":3,"55":0,"56":0,"57":0,"58":0,"59":0,"60":0,"61":3,"62":0,"63":0,"64":0,"65":0,"66":0,"67":0,"68":0,"69":0,"70":0,"71":0,"72":0,"73":3},"f":{"0":1,"1":2,"2":0,"3":0,"4":4,"5":0,"6":0},"b":{"0":[0,1],"1":[1,1,1,1],"2":[0,0],"3":[0,0],"4":[0,0],"5":[0,0],"6":[0,0],"7":[0,0],"8":[0,0],"9":[1,3],"10":[4,3],"11":[0,3],"12":[1,2],"13":[0,0],"14":[0,0],"15":[0,0],"16":[0,0]},"_coverageSchema":"1a1c01bbd47fc00a2c39e90264f33305004495a9","hash":"09831be037671e249c7e74f3068f8a30c035d894"}
,"/Users/sachinshah/Desktop/Project 3/backend/src/middleware/admin.middleware.js": {"path":"/Users/sachinshah/Desktop/Project 3/backend/src/middleware/admin.middleware.js","statementMap":{"0":{"start":{"line":1,"column":24},"end":{"line":6,"column":1}},"1":{"start":{"line":2,"column":2},"end":{"line":4,"column":3}},"2":{"start":{"line":3,"column":4},"end":{"line":3,"column":66}},"3":{"start":{"line":5,"column":2},"end":{"line":5,"column":9}},"4":{"start":{"line":8,"column":0},"end":{"line":8,"column":33}}},"fnMap":{"0":{"name":"(anonymous_0)","decl":{"start":{"line":1,"column":24},"end":{"line":1,"column":25}},"loc":{"start":{"line":1,"column":44},"end":{"line":6,"column":1}},"line":1}},"branchMap":{"0":{"loc":{"start":{"line":2,"column":2},"end":{"line":4,"column":3}},"type":"if","locations":[{"start":{"line":2,"column":2},"end":{"line":4,"column":3}},{"start":{},"end":{}}],"line":2}},"s":{"0":3,"1":4,"2":2,"3":2,"4":3},"f":{"0":4},"b":{"0":[2,2]},"_coverageSchema":"1a1c01bbd47fc00a2c39e90264f33305004495a9","hash":"43724e6a33edd2867ee48da65be14fc1a7bda2e7"}
,"/Users/sachinshah/Desktop/Project 3/backend/src/middleware/auth.middleware.js": {"path":"/Users/sachinshah/Desktop/Project 3/backend/src/middleware/auth.middleware.js","statementMap":{"0":{"start":{"line":1,"column":12},"end":{"line":1,"column":35}},"1":{"start":{"line":3,"column":23},"end":{"line":19,"column":1}},"2":{"start":{"line":4,"column":21},"end":{"line":4,"column":46}},"3":{"start":{"line":6,"column":2},"end":{"line":8,"column":3}},"4":{"start":{"line":7,"column":4},"end":{"line":7,"column":66}},"5":{"start":{"line":10,"column":16},"end":{"line":10,"column":40}},"6":{"start":{"line":12,"column":2},"end":{"line":18,"column":3}},"7":{"start":{"line":13,"column":20},"end":{"line":13,"column":61}},"8":{"start":{"line":14,"column":4},"end":{"line":14,"column":23}},"9":{"start":{"line":15,"column":4},"end":{"line":15,"column":11}},"10":{"start":{"line":17,"column":4},"end":{"line":17,"column":73}},"11":{"start":{"line":21,"column":0},"end":{"line":21,"column":32}}},"fnMap":{"0":{"name":"(anonymous_0)","decl":{"start":{"line":3,"column":23},"end":{"line":3,"column":24}},"loc":{"start":{"line":3,"column":43},"end":{"line":19,"column":1}},"line":3}},"branchMap":{"0":{"loc":{"start":{"line":6,"column":2},"end":{"line":8,"column":3}},"type":"if","locations":[{"start":{"line":6,"column":2},"end":{"line":8,"column":3}},{"start":{},"end":{}}],"line":6},"1":{"loc":{"start":{"line":6,"column":6},"end":{"line":6,"column":54}},"type":"binary-expr","locations":[{"start":{"line":6,"column":6},"end":{"line":6,"column":17}},{"start":{"line":6,"column":21},"end":{"line":6,"column":54}}],"line":6}},"s":{"0":3,"1":3,"2":12,"3":12,"4":2,"5":10,"6":10,"7":10,"8":10,"9":10,"10":0,"11":3},"f":{"0":12},"b":{"0":[2,10],"1":[12,10]},"_coverageSchema":"1a1c01bbd47fc00a2c39e90264f33305004495a9","hash":"696f03d8bc07e8e17650ed465e1f1e46e6b83b4c"}
,"/Users/sachinshah/Desktop/Project 3/backend/src/models/Order.js": {"path":"/Users/sachinshah/Desktop/Project 3/backend/src/models/Order.js","statementMap":{"0":{"start":{"line":1,"column":17},"end":{"line":1,"column":36}},"1":{"start":{"line":3,"column":20},"end":{"line":25,"column":1}},"2":{"start":{"line":27,"column":0},"end":{"line":27,"column":54}}},"fnMap":{},"branchMap":{},"s":{"0":3,"1":3,"2":3},"f":{},"b":{},"_coverageSchema":"1a1c01bbd47fc00a2c39e90264f33305004495a9","hash":"e2859cc80731f9bc701467f25908a36dc6b0d114"}
,"/Users/sachinshah/Desktop/Project 3/backend/src/models/Sweet.js": {"path":"/Users/sachinshah/Desktop/Project 3/backend/src/models/Sweet.js","statementMap":{"0":{"start":{"line":1,"column":17},"end":{"line":1,"column":36}},"1":{"start":{"line":3,"column":20},"end":{"line":26,"column":1}},"2":{"start":{"line":28,"column":0},"end":{"line":28,"column":54}}},"fnMap":{},"branchMap":{},"s":{"0":3,"1":3,"2":3},"f":{},"b":{},"_coverageSchema":"1a1c01bbd47fc00a2c39e90264f33305004495a9","hash":"71899706562a8b7344a6a0ac1ab2cfd5dde61d38"}
,"/Users/sachinshah/Desktop/Project 3/backend/src/models/User.js": {"path":"/Users/sachinshah/Desktop/Project 3/backend/src/models/User.js","statementMap":{"0":{"start":{"line":1,"column":17},"end":{"line":1,"column":36}},"1":{"start":{"line":3,"column":19},"end":{"line":25,"column":1}},"2":{"start":{"line":27,"column":0},"end":{"line":27,"column":52}}},"fnMap":{},"branchMap":{},"s":{"0":3,"1":3,"2":3},"f":{},"b":{},"_coverageSchema":"1a1c01bbd47fc00a2c39e90264f33305004495a9","hash":"fc1d3f19f3537f0c44bd5a3106def9a246371594"}
,"/Users/sachinshah/Desktop/Project 3/backend/src/routes/auth.routes.js": {"path":"/Users/sachinshah/Desktop/Project 3/backend/src/routes/auth.routes.js","statementMap":{"0":{"start":{"line":1,"column":16},"end":{"line":1,"column":34}},"1":{"start":{"line":2,"column":36},"end":{"line":2,"column":77}},"2":{"start":{"line":4,"column":15},"end":{"line":4,"column":31}},"3":{"start":{"line":6,"column":0},"end":{"line":6,"column":39}},"4":{"start":{"line":7,"column":0},"end":{"line":7,"column":33}},"5":{"start":{"line":9,"column":0},"end":{"line":9,"column":24}}},"fnMap":{},"branchMap":{},"s":{"0":3,"1":3,"2":3,"3":3,"4":3,"5":3},"f":{},"b":{},"_coverageSchema":"1a1c01bbd47fc00a2c39e90264f33305004495a9","hash":"afa77dab552112293d1501a2b8e743a65d39c693"}
,"/Users/sachinshah/Desktop/Project 3/backend/src/routes/order.routes.js": {"path":"/Users/sachinshah/Desktop/Project 3/backend/src/routes/order.routes.js","statementMap":{"0":{"start":{"line":1,"column":16},"end":{"line":1,"column":34}},"1":{"start":{"line":2,"column":38},"end":{"line":2,"column":80}},"2":{"start":{"line":3,"column":23},"end":{"line":3,"column":63}},"3":{"start":{"line":4,"column":24},"end":{"line":4,"column":65}},"4":{"start":{"line":6,"column":15},"end":{"line":6,"column":31}},"5":{"start":{"line":8,"column":0},"end":{"line":8,"column":47}},"6":{"start":{"line":9,"column":0},"end":{"line":9,"column":63}},"7":{"start":{"line":11,"column":0},"end":{"line":11,"column":24}}},"fnMap":{},"branchMap":{},"s":{"0":3,"1":3,"2":3,"3":3,"4":3,"5":3,"6":3,"7":3},"f":{},"b":{},"_coverageSchema":"1a1c01bbd47fc00a2c39e90264f33305004495a9","hash":"051498a2778cf6e90e570ac0a43a2d0797748df3"}
,"/Users/sachinshah/Desktop/Project 3/backend/src/routes/protected.routes.js": {"path":"/Users/sachinshah/Desktop/Project 3/backend/src/routes/protected.routes.js","statementMap":{"0":{"start":{"line":1,"column":16},"end":{"line":1,"column":34}},"1":{"start":{"line":2,"column":23},"end":{"line":2,"column":63}},"2":{"start":{"line":4,"column":15},"end":{"line":4,"column":31}},"3":{"start":{"line":6,"column":0},"end":{"line":11,"column":3}},"4":{"start":{"line":7,"column":2},"end":{"line":10,"column":5}},"5":{"start":{"line":13,"column":0},"end":{"line":13,"column":24}}},"fnMap":{"0":{"name":"(anonymous_0)","decl":{"start":{"line":6,"column":39},"end":{"line":6,"column":40}},"loc":{"start":{"line":6,"column":53},"end":{"line":11,"column":1}},"line":6}},"branchMap":{},"s":{"0":3,"1":3,"2":3,"3":3,"4":0,"5":3},"f":{"0":0},"b":{},"_coverageSchema":"1a1c01bbd47fc00a2c39e90264f33305004495a9","hash":"edbd8b9fe2da13617f71163f62533e21ae90bfbb"}
,"/Users/sachinshah/Desktop/Project 3/backend/src/routes/sweet.routes.js": {"path":"/Users/sachinshah/Desktop/Project 3/backend/src/routes/sweet.routes.js","statementMap":{"0":{"start":{"line":1,"column":16},"end":{"line":1,"column":34}},"1":{"start":{"line":10,"column":4},"end":{"line":10,"column":46}},"2":{"start":{"line":12,"column":23},"end":{"line":12,"column":63}},"3":{"start":{"line":13,"column":24},"end":{"line":13,"column":65}},"4":{"start":{"line":15,"column":15},"end":{"line":15,"column":31}},"5":{"start":{"line":17,"column":0},"end":{"line":17,"column":46}},"6":{"start":{"line":18,"column":0},"end":{"line":18,"column":52}},"7":{"start":{"line":20,"column":0},"end":{"line":20,"column":60}},"8":{"start":{"line":21,"column":0},"end":{"line":21,"column":65}},"9":{"start":{"line":22,"column":0},"end":{"line":22,"column":68}},"10":{"start":{"line":24,"column":0},"end":{"line":24,"column":60}},"11":{"start":{"line":25,"column":0},"end":{"line":25,"column":75}},"12":{"start":{"line":27,"column":0},"end":{"line":27,"column":24}}},"fnMap":{},"branchMap":{},"s":{"0":3,"1":3,"2":3,"3":3,"4":3,"5":3,"6":3,"7":3,"8":3,"9":3,"10":3,"11":3,"12":3},"f":{},"b":{},"_coverageSchema":"1a1c01bbd47fc00a2c39e90264f33305004495a9","hash":"f85377e800da671df29a793173387236a9214948"}
}
