TN:
SF:src/app.js
FN:19,(anonymous_0)
FN:23,(anonymous_1)
FNF:2
FNH:0
FNDA:0,(anonymous_0)
FNDA:0,(anonymous_1)
DA:1,3
DA:2,3
DA:3,3
DA:4,3
DA:6,3
DA:7,3
DA:9,3
DA:11,3
DA:12,3
DA:14,3
DA:15,3
DA:16,3
DA:17,3
DA:19,3
DA:20,0
DA:23,3
DA:24,0
DA:27,3
LF:18
LH:16
BRF:0
BRH:0
end_of_record
TN:
SF:src/controllers/auth.controller.js
FN:6,(anonymous_0)
FN:44,(anonymous_1)
FNF:2
FNH:1
FNDA:1,(anonymous_0)
FNDA:0,(anonymous_1)
DA:1,3
DA:2,3
DA:3,3
DA:6,3
DA:7,1
DA:8,1
DA:11,1
DA:12,0
DA:15,1
DA:16,1
DA:17,0
DA:20,1
DA:22,1
DA:29,1
DA:39,0
DA:44,3
DA:45,0
DA:46,0
DA:48,0
DA:49,0
DA:52,0
DA:53,0
DA:54,0
DA:57,0
DA:58,0
DA:59,0
DA:62,0
DA:68,0
DA:79,0
DA:83,3
LF:30
LH:14
BRDA:11,0,0,0
BRDA:11,0,1,1
BRDA:11,1,0,1
BRDA:11,1,1,1
BRDA:11,1,2,1
BRDA:16,2,0,0
BRDA:16,2,1,1
BRDA:26,3,0,1
BRDA:26,3,1,1
BRDA:48,4,0,0
BRDA:48,4,1,0
BRDA:48,5,0,0
BRDA:48,5,1,0
BRDA:53,6,0,0
BRDA:53,6,1,0
BRDA:58,7,0,0
BRDA:58,7,1,0
BRF:17
BRH:7
end_of_record
TN:
SF:src/controllers/order.controller.js
FN:4,(anonymous_0)
FN:17,(anonymous_1)
FNF:2
FNH:1
FNDA:0,(anonymous_0)
FNDA:1,(anonymous_1)
DA:1,3
DA:4,3
DA:5,0
DA:6,0
DA:10,0
DA:12,0
DA:17,3
DA:18,1
DA:19,1
DA:24,1
DA:26,0
DA:30,3
LF:12
LH:7
BRF:0
BRH:0
end_of_record
TN:
SF:src/controllers/sweet.controller.js
FN:5,(anonymous_0)
FN:31,(anonymous_1)
FN:41,(anonymous_2)
FN:69,(anonymous_3)
FN:92,(anonymous_4)
FN:131,(anonymous_5)
FN:146,(anonymous_6)
FNF:7
FNH:3
FNDA:1,(anonymous_0)
FNDA:2,(anonymous_1)
FNDA:0,(anonymous_2)
FNDA:0,(anonymous_3)
FNDA:4,(anonymous_4)
FNDA:0,(anonymous_5)
FNDA:0,(anonymous_6)
DA:1,3
DA:2,3
DA:5,3
DA:6,1
DA:7,1
DA:9,1
DA:10,0
DA:13,1
DA:21,1
DA:26,0
DA:31,3
DA:32,2
DA:33,2
DA:34,2
DA:36,0
DA:41,3
DA:42,0
DA:43,0
DA:45,0
DA:47,0
DA:48,0
DA:51,0
DA:52,0
DA:55,0
DA:56,0
DA:57,0
DA:58,0
DA:61,0
DA:62,0
DA:64,0
DA:69,3
DA:70,0
DA:71,0
DA:77,0
DA:78,0
DA:81,0
DA:86,0
DA:92,3
DA:93,4
DA:94,4
DA:96,4
DA:97,1
DA:100,3
DA:102,3
DA:103,0
DA:106,3
DA:107,1
DA:110,2
DA:111,2
DA:113,2
DA:120,2
DA:125,0
DA:131,3
DA:132,0
DA:133,0
DA:135,0
DA:136,0
DA:139,0
DA:141,0
DA:146,3
DA:147,0
DA:148,0
DA:150,0
DA:151,0
DA:154,0
DA:156,0
DA:157,0
DA:160,0
DA:161,0
DA:163,0
DA:168,0
DA:176,3
LF:72
LH:30
BRDA:9,0,0,0
BRDA:9,0,1,1
BRDA:9,1,0,1
BRDA:9,1,1,1
BRDA:9,1,2,1
BRDA:9,1,3,1
BRDA:47,2,0,0
BRDA:47,2,1,0
BRDA:51,3,0,0
BRDA:51,3,1,0
BRDA:55,4,0,0
BRDA:55,4,1,0
BRDA:55,5,0,0
BRDA:55,5,1,0
BRDA:57,6,0,0
BRDA:57,6,1,0
BRDA:58,7,0,0
BRDA:58,7,1,0
BRDA:77,8,0,0
BRDA:77,8,1,0
BRDA:96,9,0,1
BRDA:96,9,1,3
BRDA:96,10,0,4
BRDA:96,10,1,3
BRDA:102,11,0,0
BRDA:102,11,1,3
BRDA:106,12,0,1
BRDA:106,12,1,2
BRDA:135,13,0,0
BRDA:135,13,1,0
BRDA:150,14,0,0
BRDA:150,14,1,0
BRDA:150,15,0,0
BRDA:150,15,1,0
BRDA:156,16,0,0
BRDA:156,16,1,0
BRF:36
BRH:12
end_of_record
TN:
SF:src/middleware/admin.middleware.js
FN:1,(anonymous_0)
FNF:1
FNH:1
FNDA:4,(anonymous_0)
DA:1,3
DA:2,4
DA:3,2
DA:5,2
DA:8,3
LF:5
LH:5
BRDA:2,0,0,2
BRDA:2,0,1,2
BRF:2
BRH:2
end_of_record
TN:
SF:src/middleware/auth.middleware.js
FN:3,(anonymous_0)
FNF:1
FNH:1
FNDA:12,(anonymous_0)
DA:1,3
DA:3,3
DA:4,12
DA:6,12
DA:7,2
DA:10,10
DA:12,10
DA:13,10
DA:14,10
DA:15,10
DA:17,0
DA:21,3
LF:12
LH:11
BRDA:6,0,0,2
BRDA:6,0,1,10
BRDA:6,1,0,12
BRDA:6,1,1,10
BRF:4
BRH:4
end_of_record
TN:
SF:src/models/Order.js
FNF:0
FNH:0
DA:1,3
DA:3,3
DA:27,3
LF:3
LH:3
BRF:0
BRH:0
end_of_record
TN:
SF:src/models/Sweet.js
FNF:0
FNH:0
DA:1,3
DA:3,3
DA:28,3
LF:3
LH:3
BRF:0
BRH:0
end_of_record
TN:
SF:src/models/User.js
FNF:0
FNH:0
DA:1,3
DA:3,3
DA:27,3
LF:3
LH:3
BRF:0
BRH:0
end_of_record
TN:
SF:src/routes/auth.routes.js
FNF:0
FNH:0
DA:1,3
DA:2,3
DA:4,3
DA:6,3
DA:7,3
DA:9,3
LF:6
LH:6
BRF:0
BRH:0
end_of_record
TN:
SF:src/routes/order.routes.js
FNF:0
FNH:0
DA:1,3
DA:2,3
DA:3,3
DA:4,3
DA:6,3
DA:8,3
DA:9,3
DA:11,3
LF:8
LH:8
BRF:0
BRH:0
end_of_record
TN:
SF:src/routes/protected.routes.js
FN:6,(anonymous_0)
FNF:1
FNH:0
FNDA:0,(anonymous_0)
DA:1,3
DA:2,3
DA:4,3
DA:6,3
DA:7,0
DA:13,3
LF:6
LH:5
BRF:0
BRH:0
end_of_record
TN:
SF:src/routes/sweet.routes.js
FNF:0
FNH:0
DA:1,3
DA:10,3
DA:12,3
DA:13,3
DA:15,3
DA:17,3
DA:18,3
DA:20,3
DA:21,3
DA:22,3
DA:24,3
DA:25,3
DA:27,3
LF:13
LH:13
BRF:0
BRH:0
end_of_record
